<?xml version="1.0" encoding="UTF-8"?>
<!-- Generated by org.testng.reporters.JUnitXMLReporter -->
<testsuite ignored="2" hostname="LAPTOP-S4NH324F" failures="0" tests="4" name="next" time="0.042" errors="0" timestamp="2021-03-15T15:11:58 IST">
  <testcase classname="Testng.Third" name="fifth" time="0.003"/>
  <testcase classname="Testng.Third" name="fourth" time="0.012"/>
  <testcase classname="Testng.Third" name="sixth" time="0.003"/>
  <testcase classname="Testng.fouth" name="seven" time="0.001"/>
  <testcase classname="Testng.fouth" name="nine" time="0.0">
    <ignored/>
  </testcase> <!-- nine -->
  <testcase classname="Testng.fouth" name="eight" time="0.0">
    <ignored/>
  </testcase> <!-- eight -->
</testsuite> <!-- next -->
