<?xml version="1.0" encoding="UTF-8"?>
<!-- Generated by org.testng.reporters.JUnitXMLReporter -->
<testsuite ignored="0" hostname="LAPTOP-S4NH324F" failures="0" tests="4" name="Test" time="0.097" errors="0" timestamp="2021-03-16T10:53:31 IST">
  <testcase classname="Testng.SecondScript" name="third" time="0.009"/>
  <testcase classname="Testng.SecondScript" name="third" time="0.004"/>
  <testcase classname="Testng.SecondScript" name="third" time="0.003"/>
  <testcase classname="Testng.SecondScript" name="third" time="0.004"/>
</testsuite> <!-- Test -->
