<?xml version="1.0" encoding="UTF-8"?>
<testng-results ignored="0" total="4" passed="4" failed="0" skipped="0">
  <reporter-output>
  </reporter-output>
  <suite started-at="2021-03-16T10:53:31 IST" name="Suite" finished-at="2021-03-16T10:53:31 IST" duration-ms="97">
    <groups>
    </groups>
    <test started-at="2021-03-16T10:53:31 IST" name="Test" finished-at="2021-03-16T10:53:31 IST" duration-ms="97">
      <class name="Testng.SecondScript">
        <test-method signature="third(java.lang.String, java.lang.String)[pri:0, instance:Testng.SecondScript@34f7cfd9]" started-at="2021-03-16T10:53:31 IST" name="third" data-provider="student" finished-at="2021-03-16T10:53:31 IST" duration-ms="9" status="PASS">
          <params>
            <param index="0">
              <value>
                <![CDATA[first username]]>
              </value>
            </param>
            <param index="1">
              <value>
                <![CDATA[First Password]]>
              </value>
            </param>
          </params>
          <reporter-output>
          </reporter-output>
        </test-method> <!-- third -->
        <test-method signature="third(java.lang.String, java.lang.String)[pri:0, instance:Testng.SecondScript@34f7cfd9]" started-at="2021-03-16T10:53:31 IST" name="third" data-provider="student" finished-at="2021-03-16T10:53:31 IST" duration-ms="4" status="PASS">
          <params>
            <param index="0">
              <value>
                <![CDATA[second username]]>
              </value>
            </param>
            <param index="1">
              <value>
                <![CDATA[second Password]]>
              </value>
            </param>
          </params>
          <reporter-output>
          </reporter-output>
        </test-method> <!-- third -->
        <test-method signature="third(java.lang.String, java.lang.String)[pri:0, instance:Testng.SecondScript@34f7cfd9]" started-at="2021-03-16T10:53:31 IST" name="third" data-provider="student" finished-at="2021-03-16T10:53:31 IST" duration-ms="3" status="PASS">
          <params>
            <param index="0">
              <value>
                <![CDATA[third username]]>
              </value>
            </param>
            <param index="1">
              <value>
                <![CDATA[third Password]]>
              </value>
            </param>
          </params>
          <reporter-output>
          </reporter-output>
        </test-method> <!-- third -->
        <test-method signature="third(java.lang.String, java.lang.String)[pri:0, instance:Testng.SecondScript@34f7cfd9]" started-at="2021-03-16T10:53:31 IST" name="third" data-provider="student" finished-at="2021-03-16T10:53:31 IST" duration-ms="4" status="PASS">
          <params>
            <param index="0">
              <value>
                <![CDATA[fourth username]]>
              </value>
            </param>
            <param index="1">
              <value>
                <![CDATA[Fourth Password]]>
              </value>
            </param>
          </params>
          <reporter-output>
          </reporter-output>
        </test-method> <!-- third -->
      </class> <!-- Testng.SecondScript -->
    </test> <!-- Test -->
  </suite> <!-- Suite -->
</testng-results>
